<?xml version="1.0" encoding="utf-8" standalone="no"?>
<test-results xmlns:xsi="http://www.w3.org/2001/XMLSchema-instance" xsi:noNamespaceSchemaLocation="nunit_schema_2.5.xsd" name="Pester" total="1110" errors="0" failures="2" not-run="0" inconclusive="0" ignored="0" skipped="0" invalid="0" date="2021-02-19" time="10:00:30">
  <environment platform="Linux" machine-name="AREA88" clr-version="Unknown" user="mcdonaldseanp" cwd="/home/mcdonaldseanp/Workspace/orchestration/bolt" os-version="5.4.72-microsoft-standard-WSL2" user-domain="" nunit-version="2.5.8.0" />
  <culture-info current-culture="" current-uiculture="" />
  <test-suite type="TestFixture" name="Pester" executed="True" result="Failure" success="False" time="33.1517" asserts="0" description="Pester">
    <results>
      <test-suite type="TestFixture" name="/home/mcdonaldseanp/Workspace/orchestration/bolt/pwsh_module/autogenerated.tests.ps1" executed="True" result="Success" success="True" time="31.3329" asserts="0" description="/home/mcdonaldseanp/Workspace/orchestration/bolt/pwsh_module/autogenerated.tests.ps1">
        <results>
          <test-suite type="TestFixture" name="Invoke-BoltCommand" executed="True" result="Success" success="True" time="2.1269" asserts="0" description="Invoke-BoltCommand">
            <results>
              <test-suite type="TestFixture" name="Invoke-BoltCommand.parameters" executed="True" result="Success" success="True" time="0.3106" asserts="0" description="Invoke-BoltCommand.parameters">
                <results>
                  <test-suite type="ParameterizedTest" name="Invoke-BoltCommand.parameters.has a primary parameter" executed="True" result="Success" success="True" time="0.0318" asserts="0" description="has a primary parameter">
                    <results>
                      <test-case description="has a primary parameter" name="Invoke-BoltCommand.parameters.has a primary parameter(Invoke-BoltCommand)" time="0.0318" asserts="0" success="True" result="Success" executed="True" />
                    </results>
                  </test-suite>
                  <test-suite type="ParameterizedTest" name="Invoke-BoltCommand.parameters.has correct parameters" executed="True" result="Success" success="True" time="0.237" asserts="0" description="has correct parameters">
                    <results>
                      <test-case description="has correct parameters" name="Invoke-BoltCommand.parameters.has correct parameters(Invoke-BoltCommand)" time="0.237" asserts="0" success="True" result="Success" executed="True" />
                    </results>
                  </test-suite>
                </results>
              </test-suite>
              <test-suite type="TestFixture" name="Invoke-BoltCommand.help" executed="True" result="Success" success="True" time="2.1011" asserts="0" description="Invoke-BoltCommand.help">
                <results>
                  <test-suite type="ParameterizedTest" name="Invoke-BoltCommand.help.should not be auto-generated" executed="True" result="Success" success="True" time="0.0296" asserts="0" description="should not be auto-generated">
                    <results>
                      <test-case description="should not be auto-generated" name="Invoke-BoltCommand.help.should not be auto-generated(@{description=System.Management.Automation.PSObject[]; syntax=@{syntaxItem=@{parameter=System.Management.Automation.PSObject[]; name=Invoke-BoltCommand}}; details=@{description=System.Management.Automation.PSObject[]; name=Invoke-BoltCommand}; parameters=@{parameter=System.Management.Automation.PSObject[]}; relatedLinks=@{navigationLink=System.Management.Automation.PSObject[]}; xmlns:maml=http://schemas.microsoft.com/maml/2004/10; xmlns:command=http://schemas.microsoft.com/maml/dev/command/2004/10; xmlns:dev=http://schemas.microsoft.com/maml/dev/2004/10; Name=Invoke-BoltCommand; Category=Function; Synopsis=bolt command run &lt;command&gt; [options]; Component=; Role=; Functionality=; ModuleName=PuppetBolt})" time="0.0296" asserts="0" success="True" result="Success" executed="True" />
                    </results>
                  </test-suite>
                  <test-suite type="ParameterizedTest" name="Invoke-BoltCommand.help.gets description" executed="True" result="Success" success="True" time="0.0201" asserts="0" description="gets description">
                    <results>
                      <test-case description="gets description" name="Invoke-BoltCommand.help.gets description(@{description=System.Management.Automation.PSObject[]; syntax=@{syntaxItem=@{parameter=System.Management.Automation.PSObject[]; name=Invoke-BoltCommand}}; details=@{description=System.Management.Automation.PSObject[]; name=Invoke-BoltCommand}; parameters=@{parameter=System.Management.Automation.PSObject[]}; relatedLinks=@{navigationLink=System.Management.Automation.PSObject[]}; xmlns:maml=http://schemas.microsoft.com/maml/2004/10; xmlns:command=http://schemas.microsoft.com/maml/dev/command/2004/10; xmlns:dev=http://schemas.microsoft.com/maml/dev/2004/10; Name=Invoke-BoltCommand; Category=Function; Synopsis=bolt command run &lt;command&gt; [options]; Component=; Role=; Functionality=; ModuleName=PuppetBolt})" time="0.0201" asserts="0" success="True" result="Success" executed="True" />
                    </results>
                  </test-suite>
                  <test-suite type="ParameterizedTest" name="Invoke-BoltCommand.help.gets relatedLinks" executed="True" result="Success" success="True" time="0.0233" asserts="0" description="gets relatedLinks">
                    <results>
                      <test-case description="gets relatedLinks" name="Invoke-BoltCommand.help.gets relatedLinks(@{description=System.Management.Automation.PSObject[]; syntax=@{syntaxItem=@{parameter=System.Management.Automation.PSObject[]; name=Invoke-BoltCommand}}; details=@{description=System.Management.Automation.PSObject[]; name=Invoke-BoltCommand}; parameters=@{parameter=System.Management.Automation.PSObject[]}; relatedLinks=@{navigationLink=System.Management.Automation.PSObject[]}; xmlns:maml=http://schemas.microsoft.com/maml/2004/10; xmlns:command=http://schemas.microsoft.com/maml/dev/command/2004/10; xmlns:dev=http://schemas.microsoft.com/maml/dev/2004/10; Name=Invoke-BoltCommand; Category=Function; Synopsis=bolt command run &lt;command&gt; [options]; Component=; Role=; Functionality=; ModuleName=PuppetBolt})" time="0.0233" asserts="0" success="True" result="Success" executed="True" />
                    </results>
                  </test-suite>
                  <test-suite type="ParameterizedTest" name="Invoke-BoltCommand.help.gets help for parameter: &lt;parameterName&gt;" executed="True" result="Success" success="True" time="0.5349" asserts="0" description="gets help for parameter: &lt;parameterName&gt;">
                    <results>
                      <test-case description="gets help for parameter: Cleanup" name="Invoke-BoltCommand.help.gets help for parameter: Cleanup" time="0.0195" asserts="0" success="True" result="Success" executed="True" />
                      <test-case description="gets help for parameter: ClearCache" name="Invoke-BoltCommand.help.gets help for parameter: ClearCache" time="0.0306" asserts="0" success="True" result="Success" executed="True" />
                      <test-case description="gets help for parameter: Color" name="Invoke-BoltCommand.help.gets help for parameter: Color" time="0.0186" asserts="0" success="True" result="Success" executed="True" />
                      <test-case description="gets help for parameter: Command" name="Invoke-BoltCommand.help.gets help for parameter: Command" time="0.0157" asserts="0" success="True" result="Success" executed="True" />
                      <test-case description="gets help for parameter: Concurrency" name="Invoke-BoltCommand.help.gets help for parameter: Concurrency" time="0.0191" asserts="0" success="True" result="Success" executed="True" />
                      <test-case description="gets help for parameter: ConnectTimeout" name="Invoke-BoltCommand.help.gets help for parameter: ConnectTimeout" time="0.0199" asserts="0" success="True" result="Success" executed="True" />
                      <test-case description="gets help for parameter: CopyCommand" name="Invoke-BoltCommand.help.gets help for parameter: CopyCommand" time="0.0152" asserts="0" success="True" result="Success" executed="True" />
                      <test-case description="gets help for parameter: EnvVar" name="Invoke-BoltCommand.help.gets help for parameter: EnvVar" time="0.0151" asserts="0" success="True" result="Success" executed="True" />
                      <test-case description="gets help for parameter: Format" name="Invoke-BoltCommand.help.gets help for parameter: Format" time="0.0155" asserts="0" success="True" result="Success" executed="True" />
                      <test-case description="gets help for parameter: HostKeyCheck" name="Invoke-BoltCommand.help.gets help for parameter: HostKeyCheck" time="0.0235" asserts="0" success="True" result="Success" executed="True" />
                      <test-case description="gets help for parameter: Inventoryfile" name="Invoke-BoltCommand.help.gets help for parameter: Inventoryfile" time="0.0161" asserts="0" success="True" result="Success" executed="True" />
                      <test-case description="gets help for parameter: LogLevel" name="Invoke-BoltCommand.help.gets help for parameter: LogLevel" time="0.0149" asserts="0" success="True" result="Success" executed="True" />
                      <test-case description="gets help for parameter: Modulepath" name="Invoke-BoltCommand.help.gets help for parameter: Modulepath" time="0.0145" asserts="0" success="True" result="Success" executed="True" />
                      <test-case description="gets help for parameter: NativeSsh" name="Invoke-BoltCommand.help.gets help for parameter: NativeSsh" time="0.0139" asserts="0" success="True" result="Success" executed="True" />
                      <test-case description="gets help for parameter: Password" name="Invoke-BoltCommand.help.gets help for parameter: Password" time="0.0151" asserts="0" success="True" result="Success" executed="True" />
                      <test-case description="gets help for parameter: PasswordPrompt" name="Invoke-BoltCommand.help.gets help for parameter: PasswordPrompt" time="0.0149" asserts="0" success="True" result="Success" executed="True" />
                      <test-case description="gets help for parameter: PrivateKey" name="Invoke-BoltCommand.help.gets help for parameter: PrivateKey" time="0.013" asserts="0" success="True" result="Success" executed="True" />
                      <test-case description="gets help for parameter: Project" name="Invoke-BoltCommand.help.gets help for parameter: Project" time="0.0152" asserts="0" success="True" result="Success" executed="True" />
                      <test-case description="gets help for parameter: Query" name="Invoke-BoltCommand.help.gets help for parameter: Query" time="0.0174" asserts="0" success="True" result="Success" executed="True" />
                      <test-case description="gets help for parameter: Rerun" name="Invoke-BoltCommand.help.gets help for parameter: Rerun" time="0.0156" asserts="0" success="True" result="Success" executed="True" />
                      <test-case description="gets help for parameter: RunAs" name="Invoke-BoltCommand.help.gets help for parameter: RunAs" time="0.0143" asserts="0" success="True" result="Success" executed="True" />
                      <test-case description="gets help for parameter: SaveRerun" name="Invoke-BoltCommand.help.gets help for parameter: SaveRerun" time="0.0146" asserts="0" success="True" result="Success" executed="True" />
                      <test-case description="gets help for parameter: SshCommand" name="Invoke-BoltCommand.help.gets help for parameter: SshCommand" time="0.0148" asserts="0" success="True" result="Success" executed="True" />
                      <test-case description="gets help for parameter: Ssl" name="Invoke-BoltCommand.help.gets help for parameter: Ssl" time="0.0146" asserts="0" success="True" result="Success" executed="True" />
                      <test-case description="gets help for parameter: SslVerify" name="Invoke-BoltCommand.help.gets help for parameter: SslVerify" time="0.017" asserts="0" success="True" result="Success" executed="True" />
                      <test-case description="gets help for parameter: SudoExecutable" name="Invoke-BoltCommand.help.gets help for parameter: SudoExecutable" time="0.0138" asserts="0" success="True" result="Success" executed="True" />
                      <test-case description="gets help for parameter: SudoPassword" name="Invoke-BoltCommand.help.gets help for parameter: SudoPassword" time="0.0141" asserts="0" success="True" result="Success" executed="True" />
                      <test-case description="gets help for parameter: SudoPasswordPrompt" name="Invoke-BoltCommand.help.gets help for parameter: SudoPasswordPrompt" time="0.0149" asserts="0" success="True" result="Success" executed="True" />
                      <test-case description="gets help for parameter: Targets" name="Invoke-BoltCommand.help.gets help for parameter: Targets" time="0.0132" asserts="0" success="True" result="Success" executed="True" />
                      <test-case description="gets help for parameter: Trace" name="Invoke-BoltCommand.help.gets help for parameter: Trace" time="0.0145" asserts="0" success="True" result="Success" executed="True" />
                      <test-case description="gets help for parameter: Transport" name="Invoke-BoltCommand.help.gets help for parameter: Transport" time="0.0166" asserts="0" success="True" result="Success" executed="True" />
                      <test-case description="gets help for parameter: TTY" name="Invoke-BoltCommand.help.gets help for parameter: TTY" time="0.0145" asserts="0" success="True" result="Success" executed="True" />
                      <test-case description="gets help for parameter: User" name="Invoke-BoltCommand.help.gets help for parameter: User" time="0.0148" asserts="0" success="True" result="Success" executed="True" />
                    </results>
                  </test-suite>
                  <test-suite type="ParameterizedTest" name="Invoke-BoltCommand.help.help for &lt;parametername&gt; has correct Mandatory value" executed="True" result="Success" success="True" time="0.5653" asserts="0" description="help for &lt;parametername&gt; has correct Mandatory value">
                    <results>
                      <test-case description="help for Cleanup has correct Mandatory value" name="Invoke-BoltCommand.help.help for Cleanup has correct Mandatory value" time="0.0196" asserts="0" success="True" result="Success" executed="True" />
                      <test-case description="help for ClearCache has correct Mandatory value" name="Invoke-BoltCommand.help.help for ClearCache has correct Mandatory value" time="0.0201" asserts="0" success="True" result="Success" executed="True" />
                      <test-case description="help for Color has correct Mandatory value" name="Invoke-BoltCommand.help.help for Color has correct Mandatory value" time="0.0186" asserts="0" success="True" result="Success" executed="True" />
                      <test-case description="help for Command has correct Mandatory value" name="Invoke-BoltCommand.help.help for Command has correct Mandatory value" time="0.0172" asserts="0" success="True" result="Success" executed="True" />
                      <test-case description="help for Concurrency has correct Mandatory value" name="Invoke-BoltCommand.help.help for Concurrency has correct Mandatory value" time="0.0175" asserts="0" success="True" result="Success" executed="True" />
                      <test-case description="help for ConnectTimeout has correct Mandatory value" name="Invoke-BoltCommand.help.help for ConnectTimeout has correct Mandatory value" time="0.019" asserts="0" success="True" result="Success" executed="True" />
                      <test-case description="help for CopyCommand has correct Mandatory value" name="Invoke-BoltCommand.help.help for CopyCommand has correct Mandatory value" time="0.0173" asserts="0" success="True" result="Success" executed="True" />
                      <test-case description="help for EnvVar has correct Mandatory value" name="Invoke-BoltCommand.help.help for EnvVar has correct Mandatory value" time="0.0177" asserts="0" success="True" result="Success" executed="True" />
                      <test-case description="help for Format has correct Mandatory value" name="Invoke-BoltCommand.help.help for Format has correct Mandatory value" time="0.0179" asserts="0" success="True" result="Success" executed="True" />
                      <test-case description="help for HostKeyCheck has correct Mandatory value" name="Invoke-BoltCommand.help.help for HostKeyCheck has correct Mandatory value" time="0.0216" asserts="0" success="True" result="Success" executed="True" />
                      <test-case description="help for Inventoryfile has correct Mandatory value" name="Invoke-BoltCommand.help.help for Inventoryfile has correct Mandatory value" time="0.0168" asserts="0" success="True" result="Success" executed="True" />
                      <test-case description="help for LogLevel has correct Mandatory value" name="Invoke-BoltCommand.help.help for LogLevel has correct Mandatory value" time="0.0161" asserts="0" success="True" result="Success" executed="True" />
                      <test-case description="help for Modulepath has correct Mandatory value" name="Invoke-BoltCommand.help.help for Modulepath has correct Mandatory value" time="0.0157" asserts="0" success="True" result="Success" executed="True" />
                      <test-case description="help for NativeSsh has correct Mandatory value" name="Invoke-BoltCommand.help.help for NativeSsh has correct Mandatory value" time="0.0168" asserts="0" success="True" result="Success" executed="True" />
                      <test-case description="help for Password has correct Mandatory value" name="Invoke-BoltCommand.help.help for Password has correct Mandatory value" time="0.0178" asserts="0" success="True" result="Success" executed="True" />
                      <test-case description="help for PasswordPrompt has correct Mandatory value" name="Invoke-BoltCommand.help.help for PasswordPrompt has correct Mandatory value" time="0.0161" asserts="0" success="True" result="Success" executed="True" />
                      <test-case description="help for PrivateKey has correct Mandatory value" name="Invoke-BoltCommand.help.help for PrivateKey has correct Mandatory value" time="0.0156" asserts="0" success="True" result="Success" executed="True" />
                      <test-case description="help for Project has correct Mandatory value" name="Invoke-BoltCommand.help.help for Project has correct Mandatory value" time="0.0163" asserts="0" success="True" result="Success" executed="True" />
                      <test-case description="help for Query has correct Mandatory value" name="Invoke-BoltCommand.help.help for Query has correct Mandatory value" time="0.0184" asserts="0" success="True" result="Success" executed="True" />
                      <test-case description="help for Rerun has correct Mandatory value" name="Invoke-BoltCommand.help.help for Rerun has correct Mandatory value" time="0.0149" asserts="0" success="True" result="Success" executed="True" />
                      <test-case description="help for RunAs has correct Mandatory value" name="Invoke-BoltCommand.help.help for RunAs has correct Mandatory value" time="0.0156" asserts="0" success="True" result="Success" executed="True" />
                      <test-case description="help for SaveRerun has correct Mandatory value" name="Invoke-BoltCommand.help.help for SaveRerun has correct Mandatory value" time="0.0161" asserts="0" success="True" result="Success" executed="True" />
                      <test-case description="help for SshCommand has correct Mandatory value" name="Invoke-BoltCommand.help.help for SshCommand has correct Mandatory value" time="0.0173" asserts="0" success="True" result="Success" executed="True" />
                      <test-case description="help for Ssl has correct Mandatory value" name="Invoke-BoltCommand.help.help for Ssl has correct Mandatory value" time="0.0158" asserts="0" success="True" result="Success" executed="True" />
                      <test-case description="help for SslVerify has correct Mandatory value" name="Invoke-BoltCommand.help.help for SslVerify has correct Mandatory value" time="0.0171" asserts="0" success="True" result="Success" executed="True" />
                      <test-case description="help for SudoExecutable has correct Mandatory value" name="Invoke-BoltCommand.help.help for SudoExecutable has correct Mandatory value" time="0.0157" asserts="0" success="True" result="Success" executed="True" />
                      <test-case description="help for SudoPassword has correct Mandatory value" name="Invoke-BoltCommand.help.help for SudoPassword has correct Mandatory value" time="0.0157" asserts="0" success="True" result="Success" executed="True" />
                      <test-case description="help for SudoPasswordPrompt has correct Mandatory value" name="Invoke-BoltCommand.help.help for SudoPasswordPrompt has correct Mandatory value" time="0.0169" asserts="0" success="True" result="Success" executed="True" />
                      <test-case description="help for Targets has correct Mandatory value" name="Invoke-BoltCommand.help.help for Targets has correct Mandatory value" time="0.0158" asserts="0" success="True" result="Success" executed="True" />
                      <test-case description="help for Trace has correct Mandatory value" name="Invoke-BoltCommand.help.help for Trace has correct Mandatory value" time="0.0164" asserts="0" success="True" result="Success" executed="True" />
                      <test-case description="help for Transport has correct Mandatory value" name="Invoke-BoltCommand.help.help for Transport has correct Mandatory value" time="0.0189" asserts="0" success="True" result="Success" executed="True" />
                      <test-case description="help for TTY has correct Mandatory value" name="Invoke-BoltCommand.help.help for TTY has correct Mandatory value" time="0.0167" asserts="0" success="True" result="Success" executed="True" />
                      <test-case description="help for User has correct Mandatory value" name="Invoke-BoltCommand.help.help for User has correct Mandatory value" time="0.0162" asserts="0" success="True" result="Success" executed="True" />
                    </results>
                  </test-suite>
                  <test-suite type="ParameterizedTest" name="Invoke-BoltCommand.help.help has correct parameter type for &lt;parameterName&gt;" executed="True" result="Success" success="True" time="0.5609" asserts="0" description="help has correct parameter type for &lt;parameterName&gt;">
                    <results>
                      <test-case description="help has correct parameter type for Cleanup" name="Invoke-BoltCommand.help.help has correct parameter type for Cleanup" time="0.0211" asserts="0" success="True" result="Success" executed="True" />
                      <test-case description="help has correct parameter type for ClearCache" name="Invoke-BoltCommand.help.help has correct parameter type for ClearCache" time="0.0182" asserts="0" success="True" result="Success" executed="True" />
                      <test-case description="help has correct parameter type for Color" name="Invoke-BoltCommand.help.help has correct parameter type for Color" time="0.0196" asserts="0" success="True" result="Success" executed="True" />
                      <test-case description="help has correct parameter type for Command" name="Invoke-BoltCommand.help.help has correct parameter type for Command" time="0.0179" asserts="0" success="True" result="Success" executed="True" />
                      <test-case description="help has correct parameter type for Concurrency" name="Invoke-BoltCommand.help.help has correct parameter type for Concurrency" time="0.0191" asserts="0" success="True" result="Success" executed="True" />
                      <test-case description="help has correct parameter type for ConnectTimeout" name="Invoke-BoltCommand.help.help has correct parameter type for ConnectTimeout" time="0.0179" asserts="0" success="True" result="Success" executed="True" />
                      <test-case description="help has correct parameter type for CopyCommand" name="Invoke-BoltCommand.help.help has correct parameter type for CopyCommand" time="0.0157" asserts="0" success="True" result="Success" executed="True" />
                      <test-case description="help has correct parameter type for EnvVar" name="Invoke-BoltCommand.help.help has correct parameter type for EnvVar" time="0.0169" asserts="0" success="True" result="Success" executed="True" />
                      <test-case description="help has correct parameter type for Format" name="Invoke-BoltCommand.help.help has correct parameter type for Format" time="0.0181" asserts="0" success="True" result="Success" executed="True" />
                      <test-case description="help has correct parameter type for HostKeyCheck" name="Invoke-BoltCommand.help.help has correct parameter type for HostKeyCheck" time="0.0176" asserts="0" success="True" result="Success" executed="True" />
                      <test-case description="help has correct parameter type for Inventoryfile" name="Invoke-BoltCommand.help.help has correct parameter type for Inventoryfile" time="0.0159" asserts="0" success="True" result="Success" executed="True" />
                      <test-case description="help has correct parameter type for LogLevel" name="Invoke-BoltCommand.help.help has correct parameter type for LogLevel" time="0.0162" asserts="0" success="True" result="Success" executed="True" />
                      <test-case description="help has correct parameter type for Modulepath" name="Invoke-BoltCommand.help.help has correct parameter type for Modulepath" time="0.0161" asserts="0" success="True" result="Success" executed="True" />
                      <test-case description="help has correct parameter type for NativeSsh" name="Invoke-BoltCommand.help.help has correct parameter type for NativeSsh" time="0.016" asserts="0" success="True" result="Success" executed="True" />
                      <test-case description="help has correct parameter type for Password" name="Invoke-BoltCommand.help.help has correct parameter type for Password" time="0.017" asserts="0" success="True" result="Success" executed="True" />
                      <test-case description="help has correct parameter type for PasswordPrompt" name="Invoke-BoltCommand.help.help has correct parameter type for PasswordPrompt" time="0.0158" asserts="0" success="True" result="Success" executed="True" />
                      <test-case description="help has correct parameter type for PrivateKey" name="Invoke-BoltCommand.help.help has correct parameter type for PrivateKey" time="0.0176" asserts="0" success="True" result="Success" executed="True" />
                      <test-case description="help has correct parameter type for Project" name="Invoke-BoltCommand.help.help has correct parameter type for Project" time="0.0172" asserts="0" success="True" result="Success" executed="True" />
                      <test-case description="help has correct parameter type for Query" name="Invoke-BoltCommand.help.help has correct parameter type for Query" time="0.0172" asserts="0" success="True" result="Success" executed="True" />
                      <test-case description="help has correct parameter type for Rerun" name="Invoke-BoltCommand.help.help has correct parameter type for Rerun" time="0.0163" asserts="0" success="True" result="Success" executed="True" />
                      <test-case description="help has correct parameter type for RunAs" name="Invoke-BoltCommand.help.help has correct parameter type for RunAs" time="0.0161" asserts="0" success="True" result="Success" executed="True" />
                      <test-case description="help has correct parameter type for SaveRerun" name="Invoke-BoltCommand.help.help has correct parameter type for SaveRerun" time="0.0161" asserts="0" success="True" result="Success" executed="True" />
                      <test-case description="help has correct parameter type for SshCommand" name="Invoke-BoltCommand.help.help has correct parameter type for SshCommand" time="0.0163" asserts="0" success="True" result="Success" executed="True" />
                      <test-case description="help has correct parameter type for Ssl" name="Invoke-BoltCommand.help.help has correct parameter type for Ssl" time="0.0158" asserts="0" success="True" result="Success" executed="True" />
                      <test-case description="help has correct parameter type for SslVerify" name="Invoke-BoltCommand.help.help has correct parameter type for SslVerify" time="0.0169" asserts="0" success="True" result="Success" executed="True" />
                      <test-case description="help has correct parameter type for SudoExecutable" name="Invoke-BoltCommand.help.help has correct parameter type for SudoExecutable" time="0.0157" asserts="0" success="True" result="Success" executed="True" />
                      <test-case description="help has correct parameter type for SudoPassword" name="Invoke-BoltCommand.help.help has correct parameter type for SudoPassword" time="0.0158" asserts="0" success="True" result="Success" executed="True" />
                      <test-case description="help has correct parameter type for SudoPasswordPrompt" name="Invoke-BoltCommand.help.help has correct parameter type for SudoPasswordPrompt" time="0.016" asserts="0" success="True" result="Success" executed="True" />
                      <test-case description="help has correct parameter type for Targets" name="Invoke-BoltCommand.help.help has correct parameter type for Targets" time="0.0163" asserts="0" success="True" result="Success" executed="True" />
                      <test-case description="help has correct parameter type for Trace" name="Invoke-BoltCommand.help.help has correct parameter type for Trace" time="0.0161" asserts="0" success="True" result="Success" executed="True" />
                      <test-case description="help has correct parameter type for Transport" name="Invoke-BoltCommand.help.help has correct parameter type for Transport" time="0.0186" asserts="0" success="True" result="Success" executed="True" />
                      <test-case description="help has correct parameter type for TTY" name="Invoke-BoltCommand.help.help has correct parameter type for TTY" time="0.0161" asserts="0" success="True" result="Success" executed="True" />
                      <test-case description="help has correct parameter type for User" name="Invoke-BoltCommand.help.help has correct parameter type for User" time="0.0176" asserts="0" success="True" result="Success" executed="True" />
                    </results>
                  </test-suite>
                </results>
              </test-suite>
            </results>
          </test-suite>
          <test-suite type="TestFixture" name="Invoke-BoltScript" executed="True" result="Success" success="True" time="4.1697" asserts="0" description="Invoke-BoltScript">
            <results>
              <test-suite type="TestFixture" name="Invoke-BoltScript.parameters" executed="True" result="Success" success="True" time="0.2035" asserts="0" description="Invoke-BoltScript.parameters">
                <results>
                  <test-suite type="ParameterizedTest" name="Invoke-BoltScript.parameters.has correct parameters" executed="True" result="Success" success="True" time="0.1578" asserts="0" description="has correct parameters">
                    <results>
                      <test-case description="has correct parameters" name="Invoke-BoltScript.parameters.has correct parameters(Invoke-BoltScript)" time="0.1578" asserts="0" success="True" result="Success" executed="True" />
                    </results>
                  </test-suite>
                  <test-suite type="ParameterizedTest" name="Invoke-BoltScript.parameters.has a primary parameter" executed="True" result="Success" success="True" time="0.0226" asserts="0" description="has a primary parameter">
                    <results>
                      <test-case description="has a primary parameter" name="Invoke-BoltScript.parameters.has a primary parameter(Invoke-BoltScript)" time="0.0226" asserts="0" success="True" result="Success" executed="True" />
                    </results>
                  </test-suite>
                </results>
              </test-suite>
              <test-suite type="TestFixture" name="Invoke-BoltScript.help" executed="True" result="Success" success="True" time="2.0219" asserts="0" description="Invoke-BoltScript.help">
                <results>
                  <test-suite type="ParameterizedTest" name="Invoke-BoltScript.help.should not be auto-generated" executed="True" result="Success" success="True" time="0.0175" asserts="0" description="should not be auto-generated">
                    <results>
                      <test-case description="should not be auto-generated" name="Invoke-BoltScript.help.should not be auto-generated(@{description=System.Management.Automation.PSObject[]; syntax=@{syntaxItem=@{parameter=System.Management.Automation.PSObject[]; name=Invoke-BoltScript}}; details=@{description=System.Management.Automation.PSObject[]; name=Invoke-BoltScript}; parameters=@{parameter=System.Management.Automation.PSObject[]}; relatedLinks=@{navigationLink=System.Management.Automation.PSObject[]}; xmlns:maml=http://schemas.microsoft.com/maml/2004/10; xmlns:command=http://schemas.microsoft.com/maml/dev/command/2004/10; xmlns:dev=http://schemas.microsoft.com/maml/dev/2004/10; Name=Invoke-BoltScript; Category=Function; Synopsis=bolt script run &lt;script&gt; [arguments] [options]; Component=; Role=; Functionality=; ModuleName=PuppetBolt})" time="0.0175" asserts="0" success="True" result="Success" executed="True" />
                    </results>
                  </test-suite>
                  <test-suite type="ParameterizedTest" name="Invoke-BoltScript.help.gets description" executed="True" result="Success" success="True" time="0.0148" asserts="0" description="gets description">
                    <results>
                      <test-case description="gets description" name="Invoke-BoltScript.help.gets description(@{description=System.Management.Automation.PSObject[]; syntax=@{syntaxItem=@{parameter=System.Management.Automation.PSObject[]; name=Invoke-BoltScript}}; details=@{description=System.Management.Automation.PSObject[]; name=Invoke-BoltScript}; parameters=@{parameter=System.Management.Automation.PSObject[]}; relatedLinks=@{navigationLink=System.Management.Automation.PSObject[]}; xmlns:maml=http://schemas.microsoft.com/maml/2004/10; xmlns:command=http://schemas.microsoft.com/maml/dev/command/2004/10; xmlns:dev=http://schemas.microsoft.com/maml/dev/2004/10; Name=Invoke-BoltScript; Category=Function; Synopsis=bolt script run &lt;script&gt; [arguments] [options]; Component=; Role=; Functionality=; ModuleName=PuppetBolt})" time="0.0148" asserts="0" success="True" result="Success" executed="True" />
                    </results>
                  </test-suite>
                  <test-suite type="ParameterizedTest" name="Invoke-BoltScript.help.gets relatedLinks" executed="True" result="Success" success="True" time="0.0129" asserts="0" description="gets relatedLinks">
                    <results>
                      <test-case description="gets relatedLinks" name="Invoke-BoltScript.help.gets relatedLinks(@{description=System.Management.Automation.PSObject[]; syntax=@{syntaxItem=@{parameter=System.Management.Automation.PSObject[]; name=Invoke-BoltScript}}; details=@{description=System.Management.Automation.PSObject[]; name=Invoke-BoltScript}; parameters=@{parameter=System.Management.Automation.PSObject[]}; relatedLinks=@{navigationLink=System.Management.Automation.PSObject[]}; xmlns:maml=http://schemas.microsoft.com/maml/2004/10; xmlns:command=http://schemas.microsoft.com/maml/dev/command/2004/10; xmlns:dev=http://schemas.microsoft.com/maml/dev/2004/10; Name=Invoke-BoltScript; Category=Function; Synopsis=bolt script run &lt;script&gt; [arguments] [options]; Component=; Role=; Functionality=; ModuleName=PuppetBolt})" time="0.0129" asserts="0" success="True" result="Success" executed="True" />
                    </results>
                  </test-suite>
                  <test-suite type="ParameterizedTest" name="Invoke-BoltScript.help.gets help for parameter: &lt;parameterName&gt;" executed="True" result="Success" success="True" time="0.5442" asserts="0" description="gets help for parameter: &lt;parameterName&gt;">
                    <results>
                      <test-case description="gets help for parameter: Arguments" name="Invoke-BoltScript.help.gets help for parameter: Arguments" time="0.0151" asserts="0" success="True" result="Success" executed="True" />
                      <test-case description="gets help for parameter: Cleanup" name="Invoke-BoltScript.help.gets help for parameter: Cleanup" time="0.0154" asserts="0" success="True" result="Success" executed="True" />
                      <test-case description="gets help for parameter: ClearCache" name="Invoke-BoltScript.help.gets help for parameter: ClearCache" time="0.0163" asserts="0" success="True" result="Success" executed="True" />
                      <test-case description="gets help for parameter: Color" name="Invoke-BoltScript.help.gets help for parameter: Color" time="0.0161" asserts="0" success="True" result="Success" executed="True" />
                      <test-case description="gets help for parameter: Concurrency" name="Invoke-BoltScript.help.gets help for parameter: Concurrency" time="0.0153" asserts="0" success="True" result="Success" executed="True" />
                      <test-case description="gets help for parameter: ConnectTimeout" name="Invoke-BoltScript.help.gets help for parameter: ConnectTimeout" time="0.0146" asserts="0" success="True" result="Success" executed="True" />
                      <test-case description="gets help for parameter: CopyCommand" name="Invoke-BoltScript.help.gets help for parameter: CopyCommand" time="0.0126" asserts="0" success="True" result="Success" executed="True" />
                      <test-case description="gets help for parameter: EnvVar" name="Invoke-BoltScript.help.gets help for parameter: EnvVar" time="0.0144" asserts="0" success="True" result="Success" executed="True" />
                      <test-case description="gets help for parameter: Format" name="Invoke-BoltScript.help.gets help for parameter: Format" time="0.015" asserts="0" success="True" result="Success" executed="True" />
                      <test-case description="gets help for parameter: HostKeyCheck" name="Invoke-BoltScript.help.gets help for parameter: HostKeyCheck" time="0.013" asserts="0" success="True" result="Success" executed="True" />
                      <test-case description="gets help for parameter: Inventoryfile" name="Invoke-BoltScript.help.gets help for parameter: Inventoryfile" time="0.0169" asserts="0" success="True" result="Success" executed="True" />
                      <test-case description="gets help for parameter: LogLevel" name="Invoke-BoltScript.help.gets help for parameter: LogLevel" time="0.0147" asserts="0" success="True" result="Success" executed="True" />
                      <test-case description="gets help for parameter: Modulepath" name="Invoke-BoltScript.help.gets help for parameter: Modulepath" time="0.0305" asserts="0" success="True" result="Success" executed="True" />
                      <test-case description="gets help for parameter: NativeSsh" name="Invoke-BoltScript.help.gets help for parameter: NativeSsh" time="0.0153" asserts="0" success="True" result="Success" executed="True" />
                      <test-case description="gets help for parameter: Password" name="Invoke-BoltScript.help.gets help for parameter: Password" time="0.0151" asserts="0" success="True" result="Success" executed="True" />
                      <test-case description="gets help for parameter: PasswordPrompt" name="Invoke-BoltScript.help.gets help for parameter: PasswordPrompt" time="0.0156" asserts="0" success="True" result="Success" executed="True" />
                      <test-case description="gets help for parameter: PrivateKey" name="Invoke-BoltScript.help.gets help for parameter: PrivateKey" time="0.0144" asserts="0" success="True" result="Success" executed="True" />
                      <test-case description="gets help for parameter: Project" name="Invoke-BoltScript.help.gets help for parameter: Project" time="0.0147" asserts="0" success="True" result="Success" executed="True" />
                      <test-case description="gets help for parameter: Query" name="Invoke-BoltScript.help.gets help for parameter: Query" time="0.0146" asserts="0" success="True" result="Success" executed="True" />
                      <test-case description="gets help for parameter: Rerun" name="Invoke-BoltScript.help.gets help for parameter: Rerun" time="0.015" asserts="0" success="True" result="Success" executed="True" />
                      <test-case description="gets help for parameter: RunAs" name="Invoke-BoltScript.help.gets help for parameter: RunAs" time="0.0166" asserts="0" success="True" result="Success" executed="True" />
                      <test-case description="gets help for parameter: SaveRerun" name="Invoke-BoltScript.help.gets help for parameter: SaveRerun" time="0.0126" asserts="0" success="True" result="Success" executed="True" />
                      <test-case description="gets help for parameter: Script" name="Invoke-BoltScript.help.gets help for parameter: Script" time="0.0152" asserts="0" success="True" result="Success" executed="True" />
                      <test-case description="gets help for parameter: SshCommand" name="Invoke-BoltScript.help.gets help for parameter: SshCommand" time="0.0166" asserts="0" success="True" result="Success" executed="True" />
                      <test-case description="gets help for parameter: Ssl" name="Invoke-BoltScript.help.gets help for parameter: Ssl" time="0.017" asserts="0" success="True" result="Success" executed="True" />
                      <test-case description="gets help for parameter: SslVerify" name="Invoke-BoltScript.help.gets help for parameter: SslVerify" time="0.0148" asserts="0" success="True" result="Success" executed="True" />
                      <test-case description="gets help for parameter: SudoExecutable" name="Invoke-BoltScript.help.gets help for parameter: SudoExecutable" time="0.0152" asserts="0" success="True" result="Success" executed="True" />
                      <test-case description="gets help for parameter: SudoPassword" name="Invoke-BoltScript.help.gets help for parameter: SudoPassword" time="0.0147" asserts="0" success="True" result="Success" executed="True" />
                      <test-case description="gets help for parameter: SudoPasswordPrompt" name="Invoke-BoltScript.help.gets help for parameter: SudoPasswordPrompt" time="0.0152" asserts="0" success="True" result="Success" executed="True" />
                      <test-case description="gets help for parameter: Targets" name="Invoke-BoltScript.help.gets help for parameter: Targets" time="0.0156" asserts="0" success="True" result="Success" executed="True" />
                      <test-case description="gets help for parameter: Tmpdir" name="Invoke-BoltScript.help.gets help for parameter: Tmpdir" time="0.0161" asserts="0" success="True" result="Success" executed="True" />
                      <test-case description="gets help for parameter: Trace" name="Invoke-BoltScript.help.gets help for parameter: Trace" time="0.0151" asserts="0" success="True" result="Success" executed="True" />
                      <test-case description="gets help for parameter: Transport" name="Invoke-BoltScript.help.gets help for parameter: Transport" time="0.0152" asserts="0" success="True" result="Success" executed="True" />
                      <test-case description="gets help for parameter: TTY" name="Invoke-BoltScript.help.gets help for parameter: TTY" time="0.014" asserts="0" success="True" result="Success" executed="True" />
                      <test-case description="gets help for parameter: User" name="Invoke-BoltScript.help.gets help for parameter: User" time="0.0157" asserts="0" success="True" result="Success" executed="True" />
                    </results>
                  </test-suite>
                  <test-suite type="ParameterizedTest" name="Invoke-BoltScript.help.help for &lt;parametername&gt; has correct Mandatory value" executed="True" result="Success" success="True" time="0.5914" asserts="0" description="help for &lt;parametername&gt; has correct Mandatory value">
                    <results>
                      <test-case description="help for Arguments has correct Mandatory value" name="Invoke-BoltScript.help.help for Arguments has correct Mandatory value" time="0.0186" asserts="0" success="True" result="Success" executed="True" />
                      <test-case description="help for Cleanup has correct Mandatory value" name="Invoke-BoltScript.help.help for Cleanup has correct Mandatory value" time="0.017" asserts="0" success="True" result="Success" executed="True" />
                      <test-case description="help for ClearCache has correct Mandatory value" name="Invoke-BoltScript.help.help for ClearCache has correct Mandatory value" time="0.0152" asserts="0" success="True" result="Success" executed="True" />
                      <test-case description="help for Color has correct Mandatory value" name="Invoke-BoltScript.help.help for Color has correct Mandatory value" time="0.0188" asserts="0" success="True" result="Success" executed="True" />
                      <test-case description="help for Concurrency has correct Mandatory value" name="Invoke-BoltScript.help.help for Concurrency has correct Mandatory value" time="0.0163" asserts="0" success="True" result="Success" executed="True" />
                      <test-case description="help for ConnectTimeout has correct Mandatory value" name="Invoke-BoltScript.help.help for ConnectTimeout has correct Mandatory value" time="0.0165" asserts="0" success="True" result="Success" executed="True" />
                      <test-case description="help for CopyCommand has correct Mandatory value" name="Invoke-BoltScript.help.help for CopyCommand has correct Mandatory value" time="0.0163" asserts="0" success="True" result="Success" executed="True" />
                      <test-case description="help for EnvVar has correct Mandatory value" name="Invoke-BoltScript.help.help for EnvVar has correct Mandatory value" time="0.0161" asserts="0" success="True" result="Success" executed="True" />
                      <test-case description="help for Format has correct Mandatory value" name="Invoke-BoltScript.help.help for Format has correct Mandatory value" time="0.0175" asserts="0" success="True" result="Success" executed="True" />
                      <test-case description="help for HostKeyCheck has correct Mandatory value" name="Invoke-BoltScript.help.help for HostKeyCheck has correct Mandatory value" time="0.0165" asserts="0" success="True" result="Success" executed="True" />
                      <test-case description="help for Inventoryfile has correct Mandatory value" name="Invoke-BoltScript.help.help for Inventoryfile has correct Mandatory value" time="0.0166" asserts="0" success="True" result="Success" executed="True" />
                      <test-case description="help for LogLevel has correct Mandatory value" name="Invoke-BoltScript.help.help for LogLevel has correct Mandatory value" time="0.0174" asserts="0" success="True" result="Success" executed="True" />
                      <test-case description="help for Modulepath has correct Mandatory value" name="Invoke-BoltScript.help.help for Modulepath has correct Mandatory value" time="0.0267" asserts="0" success="True" result="Success" executed="True" />
                      <test-case description="help for NativeSsh has correct Mandatory value" name="Invoke-BoltScript.help.help for NativeSsh has correct Mandatory value" time="0.0161" asserts="0" success="True" result="Success" executed="True" />
                      <test-case description="help for Password has correct Mandatory value" name="Invoke-BoltScript.help.help for Password has correct Mandatory value" time="0.018" asserts="0" success="True" result="Success" executed="True" />
                      <test-case description="help for PasswordPrompt has correct Mandatory value" name="Invoke-BoltScript.help.help for PasswordPrompt has correct Mandatory value" time="0.0152" asserts="0" success="True" result="Success" executed="True" />
                      <test-case description="help for PrivateKey has correct Mandatory value" name="Invoke-BoltScript.help.help for PrivateKey has correct Mandatory value" time="0.0159" asserts="0" success="True" result="Success" executed="True" />
                      <test-case description="help for Project has correct Mandatory value" name="Invoke-BoltScript.help.help for Project has correct Mandatory value" time="0.0161" asserts="0" success="True" result="Success" executed="True" />
                      <test-case description="help for Query has correct Mandatory value" name="Invoke-BoltScript.help.help for Query has correct Mandatory value" time="0.0161" asserts="0" success="True" result="Success" executed="True" />
                      <test-case description="help for Rerun has correct Mandatory value" name="Invoke-BoltScript.help.help for Rerun has correct Mandatory value" time="0.016" asserts="0" success="True" result="Success" executed="True" />
                      <test-case description="help for RunAs has correct Mandatory value" name="Invoke-BoltScript.help.help for RunAs has correct Mandatory value" time="0.0164" asserts="0" success="True" result="Success" executed="True" />
                      <test-case description="help for SaveRerun has correct Mandatory value" name="Invoke-BoltScript.help.help for SaveRerun has correct Mandatory value" time="0.0171" asserts="0" success="True" result="Success" executed="True" />
                      <test-case description="help for Script has correct Mandatory value" name="Invoke-BoltScript.help.help for Script has correct Mandatory value" time="0.016" asserts="0" success="True" result="Success" executed="True" />
                      <test-case description="help for SshCommand has correct Mandatory value" name="Invoke-BoltScript.help.help for SshCommand has correct Mandatory value" time="0.0172" asserts="0" success="True" result="Success" executed="True" />
                      <test-case description="help for Ssl has correct Mandatory value" name="Invoke-BoltScript.help.help for Ssl has correct Mandatory value" time="0.0183" asserts="0" success="True" result="Success" executed="True" />
                      <test-case description="help for SslVerify has correct Mandatory value" name="Invoke-BoltScript.help.help for SslVerify has correct Mandatory value" time="0.0158" asserts="0" success="True" result="Success" executed="True" />
                      <test-case description="help for SudoExecutable has correct Mandatory value" name="Invoke-BoltScript.help.help for SudoExecutable has correct Mandatory value" time="0.0167" asserts="0" success="True" result="Success" executed="True" />
                      <test-case description="help for SudoPassword has correct Mandatory value" name="Invoke-BoltScript.help.help for SudoPassword has correct Mandatory value" time="0.0148" asserts="0" success="True" result="Success" executed="True" />
                      <test-case description="help for SudoPasswordPrompt has correct Mandatory value" name="Invoke-BoltScript.help.help for SudoPasswordPrompt has correct Mandatory value" time="0.0166" asserts="0" success="True" result="Success" executed="True" />
                      <test-case description="help for Targets has correct Mandatory value" name="Invoke-BoltScript.help.help for Targets has correct Mandatory value" time="0.016" asserts="0" success="True" result="Success" executed="True" />
                      <test-case description="help for Tmpdir has correct Mandatory value" name="Invoke-BoltScript.help.help for Tmpdir has correct Mandatory value" time="0.0165" asserts="0" success="True" result="Success" executed="True" />
                      <test-case description="help for Trace has correct Mandatory value" name="Invoke-BoltScript.help.help for Trace has correct Mandatory value" time="0.0164" asserts="0" success="True" result="Success" executed="True" />
                      <test-case description="help for Transport has correct Mandatory value" name="Invoke-BoltScript.help.help for Transport has correct Mandatory value" time="0.0165" asserts="0" success="True" result="Success" executed="True" />
                      <test-case description="help for TTY has correct Mandatory value" name="Invoke-BoltScript.help.help for TTY has correct Mandatory value" time="0.0171" asserts="0" success="True" result="Success" executed="True" />
                      <test-case description="help for User has correct Mandatory value" name="Invoke-BoltScript.help.help for User has correct Mandatory value" time="0.0169" asserts="0" success="True" result="Success" executed="True" />
                    </results>
                  </test-suite>
                  <test-suite type="ParameterizedTest" name="Invoke-BoltScript.help.help has correct parameter type for &lt;parameterName&gt;" executed="True" result="Success" success="True" time="0.5865" asserts="0" description="help has correct parameter type for &lt;parameterName&gt;">
                    <results>
                      <test-case description="help has correct parameter type for Arguments" name="Invoke-BoltScript.help.help has correct parameter type for Arguments" time="0.0175" asserts="0" success="True" result="Success" executed="True" />
                      <test-case description="help has correct parameter type for Cleanup" name="Invoke-BoltScript.help.help has correct parameter type for Cleanup" time="0.0173" asserts="0" success="True" result="Success" executed="True" />
                      <test-case description="help has correct parameter type for ClearCache" name="Invoke-BoltScript.help.help has correct parameter type for ClearCache" time="0.0162" asserts="0" success="True" result="Success" executed="True" />
                      <test-case description="help has correct parameter type for Color" name="Invoke-BoltScript.help.help has correct parameter type for Color" time="0.0168" asserts="0" success="True" result="Success" executed="True" />
                      <test-case description="help has correct parameter type for Concurrency" name="Invoke-BoltScript.help.help has correct parameter type for Concurrency" time="0.0162" asserts="0" success="True" result="Success" executed="True" />
                      <test-case description="help has correct parameter type for ConnectTimeout" name="Invoke-BoltScript.help.help has correct parameter type for ConnectTimeout" time="0.0162" asserts="0" success="True" result="Success" executed="True" />
                      <test-case description="help has correct parameter type for CopyCommand" name="Invoke-BoltScript.help.help has correct parameter type for CopyCommand" time="0.0157" asserts="0" success="True" result="Success" executed="True" />
                      <test-case description="help has correct parameter type for EnvVar" name="Invoke-BoltScript.help.help has correct parameter type for EnvVar" time="0.0165" asserts="0" success="True" result="Success" executed="True" />
                      <test-case description="help has correct parameter type for Format" name="Invoke-BoltScript.help.help has correct parameter type for Format" time="0.0163" asserts="0" success="True" result="Success" executed="True" />
                      <test-case description="help has correct parameter type for HostKeyCheck" name="Invoke-BoltScript.help.help has correct parameter type for HostKeyCheck" time="0.0184" asserts="0" success="True" result="Success" executed="True" />
                      <test-case description="help has correct parameter type for Inventoryfile" name="Invoke-BoltScript.help.help has correct parameter type for Inventoryfile" time="0.0167" asserts="0" success="True" result="Success" executed="True" />
                      <test-case description="help has correct parameter type for LogLevel" name="Invoke-BoltScript.help.help has correct parameter type for LogLevel" time="0.0174" asserts="0" success="True" result="Success" executed="True" />
                      <test-case description="help has correct parameter type for Modulepath" name="Invoke-BoltScript.help.help has correct parameter type for Modulepath" time="0.0164" asserts="0" success="True" result="Success" executed="True" />
                      <test-case description="help has correct parameter type for NativeSsh" name="Invoke-BoltScript.help.help has correct parameter type for NativeSsh" time="0.0163" asserts="0" success="True" result="Success" executed="True" />
                      <test-case description="help has correct parameter type for Password" name="Invoke-BoltScript.help.help has correct parameter type for Password" time="0.0167" asserts="0" success="True" result="Success" executed="True" />
                      <test-case description="help has correct parameter type for PasswordPrompt" name="Invoke-BoltScript.help.help has correct parameter type for PasswordPrompt" time="0.0164" asserts="0" success="True" result="Success" executed="True" />
                      <test-case description="help has correct parameter type for PrivateKey" name="Invoke-BoltScript.help.help has correct parameter type for PrivateKey" time="0.0159" asserts="0" success="True" result="Success" executed="True" />
                      <test-case description="help has correct parameter type for Project" name="Invoke-BoltScript.help.help has correct parameter type for Project" time="0.016" asserts="0" success="True" result="Success" executed="True" />
                      <test-case description="help has correct parameter type for Query" name="Invoke-BoltScript.help.help has correct parameter type for Query" time="0.0159" asserts="0" success="True" result="Success" executed="True" />
                      <test-case description="help has correct parameter type for Rerun" name="Invoke-BoltScript.help.help has correct parameter type for Rerun" time="0.0171" asserts="0" success="True" result="Success" executed="True" />
                      <test-case description="help has correct parameter type for RunAs" name="Invoke-BoltScript.help.help has correct parameter type for RunAs" time="0.0161" asserts="0" success="True" result="Success" executed="True" />
                      <test-case description="help has correct parameter type for SaveRerun" name="Invoke-BoltScript.help.help has correct parameter type for SaveRerun" time="0.0163" asserts="0" success="True" result="Success" executed="True" />
                      <test-case description="help has correct parameter type for Script" name="Invoke-BoltScript.help.help has correct parameter type for Script" time="0.0191" asserts="0" success="True" result="Success" executed="True" />
                      <test-case description="help has correct parameter type for SshCommand" name="Invoke-BoltScript.help.help has correct parameter type for SshCommand" time="0.0186" asserts="0" success="True" result="Success" executed="True" />
                      <test-case description="help has correct parameter type for Ssl" name="Invoke-BoltScript.help.help has correct parameter type for Ssl" time="0.0167" asserts="0" success="True" result="Success" executed="True" />
                      <test-case description="help has correct parameter type for SslVerify" name="Invoke-BoltScript.help.help has correct parameter type for SslVerify" time="0.0188" asserts="0" success="True" result="Success" executed="True" />
                      <test-case description="help has correct parameter type for SudoExecutable" name="Invoke-BoltScript.help.help has correct parameter type for SudoExecutable" time="0.0162" asserts="0" success="True" result="Success" executed="True" />
                      <test-case description="help has correct parameter type for SudoPassword" name="Invoke-BoltScript.help.help has correct parameter type for SudoPassword" time="0.0149" asserts="0" success="True" result="Success" executed="True" />
                      <test-case description="help has correct parameter type for SudoPasswordPrompt" name="Invoke-BoltScript.help.help has correct parameter type for SudoPasswordPrompt" time="0.017" asserts="0" success="True" result="Success" executed="True" />
                      <test-case description="help has correct parameter type for Targets" name="Invoke-BoltScript.help.help has correct parameter type for Targets" time="0.0156" asserts="0" success="True" result="Success" executed="True" />
                      <test-case description="help has correct parameter type for Tmpdir" name="Invoke-BoltScript.help.help has correct parameter type for Tmpdir" time="0.016" asserts="0" success="True" result="Success" executed="True" />
                      <test-case description="help has correct parameter type for Trace" name="Invoke-BoltScript.help.help has correct parameter type for Trace" time="0.0166" asserts="0" success="True" result="Success" executed="True" />
                      <test-case description="help has correct parameter type for Transport" name="Invoke-BoltScript.help.help has correct parameter type for Transport" time="0.0174" asserts="0" success="True" result="Success" executed="True" />
                      <test-case description="help has correct parameter type for TTY" name="Invoke-BoltScript.help.help has correct parameter type for TTY" time="0.0168" asserts="0" success="True" result="Success" executed="True" />
                      <test-case description="help has correct parameter type for User" name="Invoke-BoltScript.help.help has correct parameter type for User" time="0.0184" asserts="0" success="True" result="Success" executed="True" />
                    </results>
                  </test-suite>
                </results>
              </test-suite>
            </results>
          </test-suite>
          <test-suite type="TestFixture" name="Get-BoltTask" executed="True" result="Success" success="True" time="4.6636" asserts="0" description="Get-BoltTask">
            <results>
              <test-suite type="TestFixture" name="Get-BoltTask.parameters" executed="True" result="Success" success="True" time="0.0617" asserts="0" description="Get-BoltTask.parameters">
                <results>
                  <test-suite type="ParameterizedTest" name="Get-BoltTask.parameters.has correct parameters" executed="True" result="Success" success="True" time="0.0433" asserts="0" description="has correct parameters">
                    <results>
                      <test-case description="has correct parameters" name="Get-BoltTask.parameters.has correct parameters(Get-BoltTask)" time="0.0433" asserts="0" success="True" result="Success" executed="True" />
                    </results>
                  </test-suite>
                </results>
              </test-suite>
              <test-suite type="TestFixture" name="Get-BoltTask.help" executed="True" result="Success" success="True" time="0.4762" asserts="0" description="Get-BoltTask.help">
                <results>
                  <test-suite type="ParameterizedTest" name="Get-BoltTask.help.should not be auto-generated" executed="True" result="Success" success="True" time="0.0171" asserts="0" description="should not be auto-generated">
                    <results>
                      <test-case description="should not be auto-generated" name="Get-BoltTask.help.should not be auto-generated(@{description=System.Management.Automation.PSObject[]; syntax=@{syntaxItem=@{parameter=System.Management.Automation.PSObject[]; name=Get-BoltTask}}; details=@{description=System.Management.Automation.PSObject[]; name=Get-BoltTask}; parameters=@{parameter=System.Management.Automation.PSObject[]}; relatedLinks=@{navigationLink=System.Management.Automation.PSObject[]}; xmlns:maml=http://schemas.microsoft.com/maml/2004/10; xmlns:command=http://schemas.microsoft.com/maml/dev/command/2004/10; xmlns:dev=http://schemas.microsoft.com/maml/dev/2004/10; Name=Get-BoltTask; Category=Function; Synopsis=bolt task show [task] [options]; Component=; Role=; Functionality=; ModuleName=PuppetBolt})" time="0.0171" asserts="0" success="True" result="Success" executed="True" />
                    </results>
                  </test-suite>
                  <test-suite type="ParameterizedTest" name="Get-BoltTask.help.gets description" executed="True" result="Success" success="True" time="0.0146" asserts="0" description="gets description">
                    <results>
                      <test-case description="gets description" name="Get-BoltTask.help.gets description(@{description=System.Management.Automation.PSObject[]; syntax=@{syntaxItem=@{parameter=System.Management.Automation.PSObject[]; name=Get-BoltTask}}; details=@{description=System.Management.Automation.PSObject[]; name=Get-BoltTask}; parameters=@{parameter=System.Management.Automation.PSObject[]}; relatedLinks=@{navigationLink=System.Management.Automation.PSObject[]}; xmlns:maml=http://schemas.microsoft.com/maml/2004/10; xmlns:command=http://schemas.microsoft.com/maml/dev/command/2004/10; xmlns:dev=http://schemas.microsoft.com/maml/dev/2004/10; Name=Get-BoltTask; Category=Function; Synopsis=bolt task show [task] [options]; Component=; Role=; Functionality=; ModuleName=PuppetBolt})" time="0.0146" asserts="0" success="True" result="Success" executed="True" />
                    </results>
                  </test-suite>
                  <test-suite type="ParameterizedTest" name="Get-BoltTask.help.gets relatedLinks" executed="True" result="Success" success="True" time="0.0164" asserts="0" description="gets relatedLinks">
                    <results>
                      <test-case description="gets relatedLinks" name="Get-BoltTask.help.gets relatedLinks(@{description=System.Management.Automation.PSObject[]; syntax=@{syntaxItem=@{parameter=System.Management.Automation.PSObject[]; name=Get-BoltTask}}; details=@{description=System.Management.Automation.PSObject[]; name=Get-BoltTask}; parameters=@{parameter=System.Management.Automation.PSObject[]}; relatedLinks=@{navigationLink=System.Management.Automation.PSObject[]}; xmlns:maml=http://schemas.microsoft.com/maml/2004/10; xmlns:command=http://schemas.microsoft.com/maml/dev/command/2004/10; xmlns:dev=http://schemas.microsoft.com/maml/dev/2004/10; Name=Get-BoltTask; Category=Function; Synopsis=bolt task show [task] [options]; Component=; Role=; Functionality=; ModuleName=PuppetBolt})" time="0.0164" asserts="0" success="True" result="Success" executed="True" />
                    </results>
                  </test-suite>
                  <test-suite type="ParameterizedTest" name="Get-BoltTask.help.gets help for parameter: &lt;parameterName&gt;" executed="True" result="Success" success="True" time="0.1068" asserts="0" description="gets help for parameter: &lt;parameterName&gt;">
                    <results>
                      <test-case description="gets help for parameter: ClearCache" name="Get-BoltTask.help.gets help for parameter: ClearCache" time="0.0152" asserts="0" success="True" result="Success" executed="True" />
                      <test-case description="gets help for parameter: Filter" name="Get-BoltTask.help.gets help for parameter: Filter" time="0.0125" asserts="0" success="True" result="Success" executed="True" />
                      <test-case description="gets help for parameter: Format" name="Get-BoltTask.help.gets help for parameter: Format" time="0.0144" asserts="0" success="True" result="Success" executed="True" />
                      <test-case description="gets help for parameter: LogLevel" name="Get-BoltTask.help.gets help for parameter: LogLevel" time="0.0166" asserts="0" success="True" result="Success" executed="True" />
                      <test-case description="gets help for parameter: Modulepath" name="Get-BoltTask.help.gets help for parameter: Modulepath" time="0.0154" asserts="0" success="True" result="Success" executed="True" />
                      <test-case description="gets help for parameter: Name" name="Get-BoltTask.help.gets help for parameter: Name" time="0.0169" asserts="0" success="True" result="Success" executed="True" />
                      <test-case description="gets help for parameter: Project" name="Get-BoltTask.help.gets help for parameter: Project" time="0.0158" asserts="0" success="True" result="Success" executed="True" />
                    </results>
                  </test-suite>
                  <test-suite type="ParameterizedTest" name="Get-BoltTask.help.help for &lt;parametername&gt; has correct Mandatory value" executed="True" result="Success" success="True" time="0.1167" asserts="0" description="help for &lt;parametername&gt; has correct Mandatory value">
                    <results>
                      <test-case description="help for ClearCache has correct Mandatory value" name="Get-BoltTask.help.help for ClearCache has correct Mandatory value" time="0.0172" asserts="0" success="True" result="Success" executed="True" />
                      <test-case description="help for Filter has correct Mandatory value" name="Get-BoltTask.help.help for Filter has correct Mandatory value" time="0.0139" asserts="0" success="True" result="Success" executed="True" />
                      <test-case description="help for Format has correct Mandatory value" name="Get-BoltTask.help.help for Format has correct Mandatory value" time="0.0161" asserts="0" success="True" result="Success" executed="True" />
                      <test-case description="help for LogLevel has correct Mandatory value" name="Get-BoltTask.help.help for LogLevel has correct Mandatory value" time="0.0172" asserts="0" success="True" result="Success" executed="True" />
                      <test-case description="help for Modulepath has correct Mandatory value" name="Get-BoltTask.help.help for Modulepath has correct Mandatory value" time="0.0171" asserts="0" success="True" result="Success" executed="True" />
                      <test-case description="help for Name has correct Mandatory value" name="Get-BoltTask.help.help for Name has correct Mandatory value" time="0.0182" asserts="0" success="True" result="Success" executed="True" />
                      <test-case description="help for Project has correct Mandatory value" name="Get-BoltTask.help.help for Project has correct Mandatory value" time="0.017" asserts="0" success="True" result="Success" executed="True" />
                    </results>
                  </test-suite>
                  <test-suite type="ParameterizedTest" name="Get-BoltTask.help.help has correct parameter type for &lt;parameterName&gt;" executed="True" result="Success" success="True" time="0.1161" asserts="0" description="help has correct parameter type for &lt;parameterName&gt;">
                    <results>
                      <test-case description="help has correct parameter type for ClearCache" name="Get-BoltTask.help.help has correct parameter type for ClearCache" time="0.0163" asserts="0" success="True" result="Success" executed="True" />
                      <test-case description="help has correct parameter type for Filter" name="Get-BoltTask.help.help has correct parameter type for Filter" time="0.0157" asserts="0" success="True" result="Success" executed="True" />
                      <test-case description="help has correct parameter type for Format" name="Get-BoltTask.help.help has correct parameter type for Format" time="0.016" asserts="0" success="True" result="Success" executed="True" />
                      <test-case description="help has correct parameter type for LogLevel" name="Get-BoltTask.help.help has correct parameter type for LogLevel" time="0.0146" asserts="0" success="True" result="Success" executed="True" />
                      <test-case description="help has correct parameter type for Modulepath" name="Get-BoltTask.help.help has correct parameter type for Modulepath" time="0.017" asserts="0" success="True" result="Success" executed="True" />
                      <test-case description="help has correct parameter type for Name" name="Get-BoltTask.help.help has correct parameter type for Name" time="0.0181" asserts="0" success="True" result="Success" executed="True" />
                      <test-case description="help has correct parameter type for Project" name="Get-BoltTask.help.help has correct parameter type for Project" time="0.0185" asserts="0" success="True" result="Success" executed="True" />
                    </results>
                  </test-suite>
                </results>
              </test-suite>
            </results>
          </test-suite>
          <test-suite type="TestFixture" name="Invoke-BoltTask" executed="True" result="Success" success="True" time="6.7321" asserts="0" description="Invoke-BoltTask">
            <results>
              <test-suite type="TestFixture" name="Invoke-BoltTask.parameters" executed="True" result="Success" success="True" time="0.2016" asserts="0" description="Invoke-BoltTask.parameters">
                <results>
                  <test-suite type="ParameterizedTest" name="Invoke-BoltTask.parameters.has correct parameters" executed="True" result="Success" success="True" time="0.1593" asserts="0" description="has correct parameters">
                    <results>
                      <test-case description="has correct parameters" name="Invoke-BoltTask.parameters.has correct parameters(Invoke-BoltTask)" time="0.1593" asserts="0" success="True" result="Success" executed="True" />
                    </results>
                  </test-suite>
                  <test-suite type="ParameterizedTest" name="Invoke-BoltTask.parameters.has a primary parameter" executed="True" result="Success" success="True" time="0.0217" asserts="0" description="has a primary parameter">
                    <results>
                      <test-case description="has a primary parameter" name="Invoke-BoltTask.parameters.has a primary parameter(Invoke-BoltTask)" time="0.0217" asserts="0" success="True" result="Success" executed="True" />
                    </results>
                  </test-suite>
                </results>
              </test-suite>
              <test-suite type="TestFixture" name="Invoke-BoltTask.help" executed="True" result="Success" success="True" time="2.0492" asserts="0" description="Invoke-BoltTask.help">
                <results>
                  <test-suite type="ParameterizedTest" name="Invoke-BoltTask.help.should not be auto-generated" executed="True" result="Success" success="True" time="0.0189" asserts="0" description="should not be auto-generated">
                    <results>
                      <test-case description="should not be auto-generated" name="Invoke-BoltTask.help.should not be auto-generated(@{description=System.Management.Automation.PSObject[]; syntax=@{syntaxItem=@{parameter=System.Management.Automation.PSObject[]; name=Invoke-BoltTask}}; details=@{description=System.Management.Automation.PSObject[]; name=Invoke-BoltTask}; parameters=@{parameter=System.Management.Automation.PSObject[]}; relatedLinks=@{navigationLink=System.Management.Automation.PSObject[]}; xmlns:maml=http://schemas.microsoft.com/maml/2004/10; xmlns:command=http://schemas.microsoft.com/maml/dev/command/2004/10; xmlns:dev=http://schemas.microsoft.com/maml/dev/2004/10; Name=Invoke-BoltTask; Category=Function; Synopsis=bolt task run &lt;task&gt; [parameters] [options]; Component=; Role=; Functionality=; ModuleName=PuppetBolt})" time="0.0189" asserts="0" success="True" result="Success" executed="True" />
                    </results>
                  </test-suite>
                  <test-suite type="ParameterizedTest" name="Invoke-BoltTask.help.gets description" executed="True" result="Success" success="True" time="0.0166" asserts="0" description="gets description">
                    <results>
                      <test-case description="gets description" name="Invoke-BoltTask.help.gets description(@{description=System.Management.Automation.PSObject[]; syntax=@{syntaxItem=@{parameter=System.Management.Automation.PSObject[]; name=Invoke-BoltTask}}; details=@{description=System.Management.Automation.PSObject[]; name=Invoke-BoltTask}; parameters=@{parameter=System.Management.Automation.PSObject[]}; relatedLinks=@{navigationLink=System.Management.Automation.PSObject[]}; xmlns:maml=http://schemas.microsoft.com/maml/2004/10; xmlns:command=http://schemas.microsoft.com/maml/dev/command/2004/10; xmlns:dev=http://schemas.microsoft.com/maml/dev/2004/10; Name=Invoke-BoltTask; Category=Function; Synopsis=bolt task run &lt;task&gt; [parameters] [options]; Component=; Role=; Functionality=; ModuleName=PuppetBolt})" time="0.0166" asserts="0" success="True" result="Success" executed="True" />
                    </results>
                  </test-suite>
                  <test-suite type="ParameterizedTest" name="Invoke-BoltTask.help.gets relatedLinks" executed="True" result="Success" success="True" time="0.0155" asserts="0" description="gets relatedLinks">
                    <results>
                      <test-case description="gets relatedLinks" name="Invoke-BoltTask.help.gets relatedLinks(@{description=System.Management.Automation.PSObject[]; syntax=@{syntaxItem=@{parameter=System.Management.Automation.PSObject[]; name=Invoke-BoltTask}}; details=@{description=System.Management.Automation.PSObject[]; name=Invoke-BoltTask}; parameters=@{parameter=System.Management.Automation.PSObject[]}; relatedLinks=@{navigationLink=System.Management.Automation.PSObject[]}; xmlns:maml=http://schemas.microsoft.com/maml/2004/10; xmlns:command=http://schemas.microsoft.com/maml/dev/command/2004/10; xmlns:dev=http://schemas.microsoft.com/maml/dev/2004/10; Name=Invoke-BoltTask; Category=Function; Synopsis=bolt task run &lt;task&gt; [parameters] [options]; Component=; Role=; Functionality=; ModuleName=PuppetBolt})" time="0.0155" asserts="0" success="True" result="Success" executed="True" />
                    </results>
                  </test-suite>
                  <test-suite type="ParameterizedTest" name="Invoke-BoltTask.help.gets help for parameter: &lt;parameterName&gt;" executed="True" result="Success" success="True" time="0.5392" asserts="0" description="gets help for parameter: &lt;parameterName&gt;">
                    <results>
                      <test-case description="gets help for parameter: Cleanup" name="Invoke-BoltTask.help.gets help for parameter: Cleanup" time="0.016" asserts="0" success="True" result="Success" executed="True" />
[...]
                      <test-case description="help has correct parameter type for SslVerify" name="Invoke-BoltApply.help.help has correct parameter type for SslVerify" time="0.0188" asserts="0" success="True" result="Success" executed="True" />
                      <test-case description="help has correct parameter type for SudoExecutable" name="Invoke-BoltApply.help.help has correct parameter type for SudoExecutable" time="0.0174" asserts="0" success="True" result="Success" executed="True" />
                      <test-case description="help has correct parameter type for SudoPassword" name="Invoke-BoltApply.help.help has correct parameter type for SudoPassword" time="0.0175" asserts="0" success="True" result="Success" executed="True" />
                      <test-case description="help has correct parameter type for SudoPasswordPrompt" name="Invoke-BoltApply.help.help has correct parameter type for SudoPasswordPrompt" time="0.0188" asserts="0" success="True" result="Success" executed="True" />
                      <test-case description="help has correct parameter type for Targets" name="Invoke-BoltApply.help.help has correct parameter type for Targets" time="0.0179" asserts="0" success="True" result="Success" executed="True" />
                      <test-case description="help has correct parameter type for Trace" name="Invoke-BoltApply.help.help has correct parameter type for Trace" time="0.0173" asserts="0" success="True" result="Success" executed="True" />
                      <test-case description="help has correct parameter type for Transport" name="Invoke-BoltApply.help.help has correct parameter type for Transport" time="0.0185" asserts="0" success="True" result="Success" executed="True" />
                      <test-case description="help has correct parameter type for TTY" name="Invoke-BoltApply.help.help has correct parameter type for TTY" time="0.0166" asserts="0" success="True" result="Success" executed="True" />
                      <test-case description="help has correct parameter type for User" name="Invoke-BoltApply.help.help has correct parameter type for User" time="0.0167" asserts="0" success="True" result="Success" executed="True" />
                    </results>
                  </test-suite>
                </results>
              </test-suite>
            </results>
          </test-suite>
        </results>
      </test-suite>
      <test-suite type="TestFixture" name="/home/mcdonaldseanp/Workspace/orchestration/bolt/pwsh_module/command.tests.ps1" executed="True" result="Failure" success="False" time="1.8188" asserts="0" description="/home/mcdonaldseanp/Workspace/orchestration/bolt/pwsh_module/command.tests.ps1">
        <results>
          <test-suite type="TestFixture" name="test bolt module" executed="True" result="Success" success="True" time="0.124" asserts="0" description="test bolt module">
            <results>
              <test-suite type="TestFixture" name="test bolt module.valid manifest" executed="True" result="Success" success="True" time="0.0464" asserts="0" description="test bolt module.valid manifest">
                <results>
                  <test-case description="has a valid manifest" name="test bolt module.valid manifest.has a valid manifest" time="0.0232" asserts="0" success="True" result="Success" executed="True" />
                </results>
              </test-suite>
              <test-suite type="TestFixture" name="test bolt module.bolt module setup" executed="True" result="Success" success="True" time="0.0961" asserts="0" description="test bolt module.bolt module setup">
                <results>
                  <test-case description="has the correct number of exported functions" name="test bolt module.bolt module setup.has the correct number of exported functions" time="0.024" asserts="0" success="True" result="Success" executed="True" />
                </results>
              </test-suite>
            </results>
          </test-suite>
          <test-suite type="TestFixture" name="test bolt command syntax" executed="True" result="Success" success="True" time="0.4284" asserts="0" description="test bolt command syntax">
            <results>
              <test-suite type="TestFixture" name="test bolt command syntax.bolt apply" executed="True" result="Success" success="True" time="0.0828" asserts="0" description="test bolt command syntax.bolt apply">
                <results>
                  <test-case description="has primary parameter" name="test bolt command syntax.bolt apply.has primary parameter" time="0.0267" asserts="0" success="True" result="Success" executed="True" />
                  <test-case description="has correct number of parameters" name="test bolt command syntax.bolt apply.has correct number of parameters" time="0.031" asserts="0" success="True" result="Success" executed="True" />
                </results>
              </test-suite>
              <test-suite type="TestFixture" name="test bolt command syntax.bolt command" executed="True" result="Success" success="True" time="0.1621" asserts="0" description="test bolt command syntax.bolt command">
                <results>
                  <test-case description="has primary parameter" name="test bolt command syntax.bolt command.has primary parameter" time="0.0327" asserts="0" success="True" result="Success" executed="True" />
                  <test-case description="has correct number of parameters" name="test bolt command syntax.bolt command.has correct number of parameters" time="0.0254" asserts="0" success="True" result="Success" executed="True" />
                </results>
              </test-suite>
              <test-suite type="TestFixture" name="test bolt command syntax.boltfile" executed="True" result="Success" success="True" time="0.2458" asserts="0" description="test bolt command syntax.boltfile">
                <results>
                  <test-case description="has primary parameter" name="test bolt command syntax.boltfile.has primary parameter" time="0.0348" asserts="0" success="True" result="Success" executed="True" />
                  <test-case description="has correct number of parameters" name="test bolt command syntax.boltfile.has correct number of parameters" time="0.0284" asserts="0" success="True" result="Success" executed="True" />
                </results>
              </test-suite>
              <test-suite type="TestFixture" name="test bolt command syntax.boltinventory" executed="True" result="Success" success="True" time="0.2862" asserts="0" description="test bolt command syntax.boltinventory">
                <results>
                  <test-case description="has correct number of parameters" name="test bolt command syntax.boltinventory.has correct number of parameters" time="0.0223" asserts="0" success="True" result="Success" executed="True" />
                </results>
              </test-suite>
            </results>
          </test-suite>
          <test-suite type="TestFixture" name="test all bolt command examples" executed="True" result="Failure" success="False" time="1.6039" asserts="0" description="test all bolt command examples">
            <results>
              <test-suite type="TestFixture" name="test all bolt command examples.bolt apply" executed="True" result="Success" success="True" time="0.1359" asserts="0" description="test all bolt command examples.bolt apply">
                <results>
                  <test-case description="bolt apply manifest.pp -t target" name="test all bolt command examples.bolt apply.bolt apply manifest.pp -t target" time="0.0838" asserts="0" success="True" result="Success" executed="True" />
                  <test-case description="bolt apply -e &quot;file { '/etc/puppetlabs': ensure =&gt; present }&quot; -t target" name="test all bolt command examples.bolt apply.bolt apply -e &quot;file { '/etc/puppetlabs': ensure =&gt; present }&quot; -t target" time="0.0345" asserts="0" success="True" result="Success" executed="True" />
                </results>
              </test-suite>
              <test-suite type="TestFixture" name="test all bolt command examples.bolt command" executed="True" result="Success" success="True" time="0.2172" asserts="0" description="test all bolt command examples.bolt command">
                <results>
                  <test-case description="bolt command run 'uptime' -t target1,target2" name="test all bolt command examples.bolt command.bolt command run 'uptime' -t target1,target2" time="0.0326" asserts="0" success="True" result="Success" executed="True" />
                  <test-case description="bolt command run complicated quoting" name="test all bolt command examples.bolt command.bolt command run complicated quoting" time="0.0319" asserts="0" success="True" result="Success" executed="True" />
                </results>
              </test-suite>
              <test-suite type="TestFixture" name="test all bolt command examples.bolt file upload" executed="True" result="Success" success="True" time="0.2761" asserts="0" description="test all bolt command examples.bolt file upload">
                <results>
                  <test-case description="bolt file upload /tmp/source /etc/profile.d/login.sh -t target1" name="test all bolt command examples.bolt file upload.bolt file upload /tmp/source /etc/profile.d/login.sh -t target1" time="0.0408" asserts="0" success="True" result="Success" executed="True" />
                </results>
              </test-suite>
              <test-suite type="TestFixture" name="test all bolt command examples.bolt file download" executed="True" result="Success" success="True" time="0.3314" asserts="0" description="test all bolt command examples.bolt file download">
                <results>
                  <test-case description="bolt file download /etc/profile.d/login.sh login_script -t target1" name="test all bolt command examples.bolt file download.bolt file download /etc/profile.d/login.sh login_script -t target1" time="0.0381" asserts="0" success="True" result="Success" executed="True" />
                </results>
              </test-suite>
              <test-suite type="TestFixture" name="test all bolt command examples.bolt group" executed="True" result="Success" success="True" time="0.3758" asserts="0" description="test all bolt command examples.bolt group">
                <results>
                  <test-case description="bolt group show" name="test all bolt command examples.bolt group.bolt group show" time="0.0253" asserts="0" success="True" result="Success" executed="True" />
                </results>
              </test-suite>
              <test-suite type="TestFixture" name="test all bolt command examples.bolt inventory" executed="True" result="Success" success="True" time="0.4193" asserts="0" description="test all bolt command examples.bolt inventory">
                <results>
                  <test-case description="bolt inventory show" name="test all bolt command examples.bolt inventory.bolt inventory show" time="0.0245" asserts="0" success="True" result="Success" executed="True" />
                </results>
              </test-suite>
              <test-suite type="TestFixture" name="test all bolt command examples.bolt plan" executed="True" result="Failure" success="False" time="0.689" asserts="0" description="test all bolt command examples.bolt plan">
                <results>
                  <test-case description="bolt plan show" name="test all bolt command examples.bolt plan.bolt plan show" time="0.0312" asserts="0" success="True" result="Success" executed="True" />
                  <test-case description="bolt plan show aggregate::count" name="test all bolt command examples.bolt plan.bolt plan show aggregate::count" time="0.0278" asserts="0" success="True" result="Success" executed="True" />
                  <test-case description="bolt plan convert path/to/plan/myplan.yaml" name="test all bolt command examples.bolt plan.bolt plan convert path/to/plan/myplan.yaml" time="0.0256" asserts="0" success="True" result="Success" executed="True" />
                  <test-case description="bolt plan run canary --targets target1,target2 command=hostname" name="test all bolt command examples.bolt plan.bolt plan run canary --targets target1,target2 command=hostname" time="0.0337" asserts="0" success="True" result="Success" executed="True" />
                  <test-case description="bolt plan run canary --targets target1,target2 command=hostname" name="test all bolt command examples.bolt plan.bolt plan run canary --targets target1,target2 command=hostname" time="0.1047" asserts="0" success="False" result="Failure" executed="True">
                    <failure>
                      <message>Expected strings to be the same, but they were different.
Expected length: 80
Actual length:   82
Strings differ at index 56.
Expected: '...rams '{"co...'
But was:  '...rams {\"co...'
at $result | Should -Be "bolt plan run canary --targets target1,target2 --params '{`"command`":`"hostname`"}'", /home/mcdonaldseanp/Workspace/orchestration/bolt/pwsh_module/command.tests.ps1:194</message>
                      <stack-trace>at &lt;ScriptBlock&gt;, /home/mcdonaldseanp/Workspace/orchestration/bolt/pwsh_module/command.tests.ps1:194</stack-trace>
                    </failure>
                  </test-case>
                  <test-case description="bolt plan new myproject::myplan" name="test all bolt command examples.bolt plan.bolt plan new myproject::myplan" time="0.0272" asserts="0" success="True" result="Success" executed="True" />
                </results>
              </test-suite>
              <test-suite type="TestFixture" name="test all bolt command examples.bolt plan" executed="True" result="Success" success="True" time="0.7324" asserts="0" description="test all bolt command examples.bolt plan">
                <results>
                  <test-case description="bolt plan show" name="test all bolt command examples.bolt plan.bolt plan show" time="0.0247" asserts="0" success="True" result="Success" executed="True" />
                </results>
              </test-suite>
              <test-suite type="TestFixture" name="test all bolt command examples.bolt project" executed="True" result="Success" success="True" time="0.8428" asserts="0" description="test all bolt command examples.bolt project">
                <results>
                  <test-case description="bolt project migrate" name="test all bolt command examples.bolt project.bolt project migrate" time="0.0216" asserts="0" success="True" result="Success" executed="True" />
                  <test-case description="bolt project init" name="test all bolt command examples.bolt project.bolt project init" time="0.0263" asserts="0" success="True" result="Success" executed="True" />
                  <test-case description="bolt project init myproject" name="test all bolt command examples.bolt project.bolt project init myproject" time="0.0227" asserts="0" success="True" result="Success" executed="True" />
                  <test-case description="bolt project init --modules puppetlabs-apt,puppetlabs-ntp" name="test all bolt command examples.bolt project.bolt project init --modules puppetlabs-apt,puppetlabs-ntp" time="0.0232" asserts="0" success="True" result="Success" executed="True" />
                </results>
              </test-suite>
              <test-suite type="TestFixture" name="test all bolt command examples.bolt module" executed="True" result="Success" success="True" time="0.9437" asserts="0" description="test all bolt command examples.bolt module">
                <results>
                  <test-case description="bolt module add" name="test all bolt command examples.bolt module.bolt module add" time="0.0215" asserts="0" success="True" result="Success" executed="True" />
                  <test-case description="bolt module generate-types" name="test all bolt command examples.bolt module.bolt module generate-types" time="0.0202" asserts="0" success="True" result="Success" executed="True" />
                  <test-case description="bolt module install" name="test all bolt command examples.bolt module.bolt module install" time="0.0195" asserts="0" success="True" result="Success" executed="True" />
                  <test-case description="bolt module show" name="test all bolt command examples.bolt module.bolt module show" time="0.0194" asserts="0" success="True" result="Success" executed="True" />
                </results>
              </test-suite>
              <test-suite type="TestFixture" name="test all bolt command examples.bolt script" executed="True" result="Success" success="True" time="0.9862" asserts="0" description="test all bolt command examples.bolt script">
                <results>
                  <test-case description="bolt script run myscript.sh 'echo hello' --targets target1,target2" name="test all bolt command examples.bolt script.bolt script run myscript.sh 'echo hello' --targets target1,target2" time="0.0238" asserts="0" success="True" result="Success" executed="True" />
                </results>
              </test-suite>
              <test-suite type="TestFixture" name="test all bolt command examples.bolt secret" executed="True" result="Success" success="True" time="1.0401" asserts="0" description="test all bolt command examples.bolt secret">
                <results>
                  <test-case description="bolt secret decrypt ciphertext" name="test all bolt command examples.bolt secret.bolt secret decrypt ciphertext" time="0.0208" asserts="0" success="True" result="Success" executed="True" />
                  <test-case description="bolt secret encrypt plaintext" name="test all bolt command examples.bolt secret.bolt secret encrypt plaintext" time="0.0192" asserts="0" success="True" result="Success" executed="True" />
                </results>
              </test-suite>
              <test-suite type="TestFixture" name="test all bolt command examples.bolt task" executed="True" result="Failure" success="False" time="1.1543" asserts="0" description="test all bolt command examples.bolt task">
                <results>
                  <test-case description="bolt task run package --targets target1,target2 action=status name=bash" name="test all bolt command examples.bolt task.bolt task run package --targets target1,target2 action=status name=bash" time="0.0673" asserts="0" success="False" result="Failure" executed="True">
                    <failure>
                      <message>Expected collection @('bolt task run package --targets target1,target2 --params '{"name":"bash","action":"status"}'', 'bolt task run package --targets target1,target2 --params '{"action":"status","name":"bash"}'') to contain 'bolt task run package --targets target1,target2 --params {\"action\":\"status\",\"name\":\"bash\"}', but it was not found.
at $results | Should -BeIn @("bolt task run package --targets target1,target2 --params '{`"name`":`"bash`",`"action`":`"status`"}'",, /home/mcdonaldseanp/Workspace/orchestration/bolt/pwsh_module/command.tests.ps1:279</message>
                      <stack-trace>at &lt;ScriptBlock&gt;, /home/mcdonaldseanp/Workspace/orchestration/bolt/pwsh_module/command.tests.ps1:279</stack-trace>
                    </failure>
                  </test-case>
                  <test-case description="bolt task show" name="test all bolt command examples.bolt task.bolt task show" time="0.0147" asserts="0" success="True" result="Success" executed="True" />
                  <test-case description="bolt task show canary" name="test all bolt command examples.bolt task.bolt task show canary" time="0.0175" asserts="0" success="True" result="Success" executed="True" />
                </results>
              </test-suite>
            </results>
          </test-suite>
        </results>
      </test-suite>
    </results>
  </test-suite>
</test-results>